[12:18:08] [main/INFO]: Loading for game Minecraft 1.16.4
[12:18:08] [ForkJoinPool-1-worker-5/WARN]: The mod "autoconfig1u" contains invalid entries in its mod json:
- Unsupported root entry "$schema" at line 2 column 14
[12:18:08] [ForkJoinPool-1-worker-6/WARN]: The mod "autoconfig1u" contains invalid entries in its mod json:
- Unsupported root entry "$schema" at line 2 column 14
[12:18:08] [ForkJoinPool-1-worker-1/WARN]: The mod "libcd" contains invalid entries in its mod json:
- Unsupported root entry "licence" at line 9 column 12
[12:18:09] [ForkJoinPool-1-worker-6/WARN]: The mod "autoconfig1u" contains invalid entries in its mod json:
- Unsupported root entry "$schema" at line 2 column 14
[12:18:09] [ForkJoinPool-1-worker-3/WARN]: The mod "autoconfig1u" contains invalid entries in its mod json:
- Unsupported root entry "$schema" at line 2 column 14
[12:18:09] [ForkJoinPool-1-worker-6/WARN]: The mod "autoconfig1u" contains invalid entries in its mod json:
- Unsupported root entry "$schema" at line 2 column 14
[12:18:09] [ForkJoinPool-1-worker-5/WARN]: The mod "autoconfig1u" contains invalid entries in its mod json:
- Unsupported root entry "$schema" at line 2 column 14
[12:18:09] [ForkJoinPool-1-worker-7/WARN]: The mod "autoconfig1u" contains invalid entries in its mod json:
- Unsupported root entry "$schema" at line 2 column 14
[12:18:09] [ForkJoinPool-1-worker-5/WARN]: The mod "autoconfig1u" contains invalid entries in its mod json:
- Unsupported root entry "$schema" at line 2 column 14
[12:18:09] [ForkJoinPool-1-worker-2/WARN]: The mod "cardinal-components" contains invalid entries in its mod json:
- Unsupported root entry "side" at line 8 column 9
[12:18:09] [ForkJoinPool-1-worker-3/WARN]: The mod "autoconfig1u" contains invalid entries in its mod json:
- Unsupported root entry "$schema" at line 2 column 14
[12:18:09] [ForkJoinPool-1-worker-2/WARN]: The mod "cardinal-components-base" contains invalid entries in its mod json:
- Unsupported root entry "side" at line 8 column 11
[12:18:09] [ForkJoinPool-1-worker-2/WARN]: The mod "cardinal-components-block" contains invalid entries in its mod json:
- Unsupported root entry "side" at line 8 column 11
[12:18:09] [ForkJoinPool-1-worker-7/WARN]: The mod "autoconfig1u" contains invalid entries in its mod json:
- Unsupported root entry "$schema" at line 2 column 14
[12:18:09] [ForkJoinPool-1-worker-2/WARN]: The mod "cardinal-components-chunk" contains invalid entries in its mod json:
- Unsupported root entry "side" at line 8 column 11
[12:18:09] [ForkJoinPool-1-worker-2/WARN]: The mod "cardinal-components-entity" contains invalid entries in its mod json:
- Unsupported root entry "side" at line 8 column 11
[12:18:09] [ForkJoinPool-1-worker-2/WARN]: The mod "cardinal-components-item" contains invalid entries in its mod json:
- Unsupported root entry "side" at line 8 column 11
[12:18:09] [ForkJoinPool-1-worker-6/WARN]: The mod "cardinal-components-util" contains invalid entries in its mod json:
- Unsupported root entry "side" at line 8 column 11
[12:18:09] [ForkJoinPool-1-worker-7/WARN]: The mod "cardinal-components-scoreboard" contains invalid entries in its mod json:
- Unsupported root entry "side" at line 8 column 11
[12:18:09] [ForkJoinPool-1-worker-3/WARN]: The mod "cardinal-components-world" contains invalid entries in its mod json:
- Unsupported root entry "side" at line 8 column 11
[12:18:09] [ForkJoinPool-1-worker-2/WARN]: The mod "cardinal-components-level" contains invalid entries in its mod json:
- Unsupported root entry "side" at line 8 column 11
[12:18:09] [main/WARN]: Warnings were found! 
 - Conflicting versions found for fabric-networking-v0: used 0.1.10+e00ecb5f4e, also found 0.1.10+6a2618f53a
 - Mod 'Modern Industrialization' (modern_industrialization) recommends any version of mod roughlyenoughitems, which is missing!
	 - You must install any version of roughlyenoughitems.
[12:18:09] [main/INFO]: [FabricLoader] Loading 134 mods: fabric-keybindings-v0@0.2.0+6a2618f53a, couplings@1.3.3, dungeonsmod@1.16.2-0.8.0.0-alpha8, kubejs@1.5.4, cloth-common-events-v1@1.4.8, fabricloader@0.10.8, cloth-durability-bar-api-v1@1.4.8, kibe@1.5.2-BETA, betternether@5.0.0, fabric-game-rule-api-v1@1.0.3+a4467d2a3a, bettercaves@1.16.2-1.0.3, fabric-api-base@0.2.0+ba858fb83a, dehydration@1.0.8, reborncore@4.6.1+build.97, backslot@1.1.7, fiber@0.23.0-1, cardinal-components-level@2.6.0, ce_foodstuffs@1.1.1, com_moandjiezana_toml_toml4j@0.7.2, org_jetbrains_kotlin_kotlin-stdlib@1.4.0, playerabilitylib@1.2.0, terraform-dirt-api-v1@1.0.0+build.1, fabric-blockrenderlayer-v1@1.1.4+6a2618f53a, terraform-wood-api-v1@1.0.0+build.1, org_jetbrains_kotlin_kotlin-stdlib-jdk7@1.4.0, libblockattributes_items@0.8.4, fabric@0.26.0+1.16, cardinal-components-scoreboard@2.6.0, dawn@1.5.3, fabric-networking-v0@0.1.10+e00ecb5f4e, techreborn@3.7.1+build.162, imm_ptl_core@0.43, fabric-screen-handler-api-v1@1.1.0+6a2618f53a, modmenu@1.14.6+build.31, blockshifter@1.3.2+fabric-1.16.4, phosphor@0.6.0+build.7, hookshot@10.0, org_jetbrains_kotlin_kotlin-stdlib-jdk8@1.4.0, fabric-tool-attribute-api-v1@1.2.5+6a2618f53a, terraform-tree-api-v1@1.0.1+build.2, rare-ice@0.2.2, whereisit@1.9.1, fabric-events-interaction-v0@0.4.1+6a2618f53a, fabric-crash-report-info-v1@0.1.2+b7f9825d3a, charmonium@2.0.2, fabric-language-kotlin@1.4.0+build.1, patchouli@1.16.2-44-FABRIC, fabric-key-binding-api-v1@1.0.1+730711c63a, cloth-config2@4.8.2, fabric-language-scala@0.3.2.12, org_jetbrains_kotlinx_kotlinx-coroutines-jdk8@1.3.9, fabric-resource-loader-v0@0.3.2+1944f3e03a, org_jetbrains_kotlin_kotlin-reflect@1.4.0, cardinal-components-entity@2.6.0, libblockattributes_fluids@0.8.4, fabric-commands-v0@0.2.0+6a2618f53a, fabric-registry-sync-v0@0.6.1+6a2618f53a, adorn@1.12.1+1.16.4, cardinal-components-base@2.6.0, fabric-mining-levels-v0@0.1.2+6a2618f53a, charm@2.1.1, fabric-item-groups-v0@0.2.1+6a2618f53a, fabric-models-v0@0.1.1+6a2618f53a, org_jetbrains_annotations@20.0.0, terraform-shapes-api-v1@1.0.0+build.1, lithium-api@0.6.0, fabric-renderer-api-v1@0.3.3+6a2618f53a, environmentz@1.0.5, terrestria@2.1.5+build.28, libcd@3.0.3+1.16.3, cardinal-components-block@2.6.0, fabric-structure-api-v1@1.1.0+f8ac1db23a, lithium@0.6.0, fabric-containers-v0@0.1.8+6a2618f53a, fabric-object-builder-api-v1@1.9.2+6a2618f53a, libblockattributes@0.8.4, terraform-config-api-v1@1.0.0+build.1, fabric-rendering-data-attachment-v1@0.1.4+6a2618f53a, seasons@1.0.1-BETA, cloth-dynamic-registry-api-v1@1.2.1, campanion@1.2.0+build.39, terraform-surfaces-api-v1@1.0.0+build.1, fabric-textures-v0@1.0.5+6a2618f53a, cardinal-components-item@2.6.0, com_electronwill_night-config_core@3.6.2, linkart@unspecified, fabric-rendering-fluids-v1@0.1.12+6a2618f53a, reach-entity-attributes@1.0.1, modern_industrialization@0.3.7, modid@1.16-fabric-0.1.0, simplexterrain@0.7.1, flamingo@1.0.3-MC1.16.3-fabric, fabric-lifecycle-events-v1@1.2.0+6a2618f53a, traverse@unspecified, cardinal-components-chunk@2.6.0, immersive_portals@0.43, cardinal-components-util@2.6.0, fabric-renderer-registries-v1@2.2.0+6a2618f53a, fabric-loot-tables-v1@1.0.1+6a2618f53a, cloth-armor-api-v1@1.4.8, fabric-particles-v1@0.2.2+6a2618f53a, libblockattributes_core@0.8.4, terraform-biome-builder-api-v1@1.0.0+build.1, minecraft@1.16.4, fabric-networking-blockentity-v0@0.2.5+6a2618f53a, jankson@3.0.1+j1.2.0, cloth-basic-math@0.5.1, fabric-command-api-v1@1.0.9+6a2618f53a, invtrashslot@1.0.2, amecsapi@1.1.1+mc1.16-rc1, fabric-renderer-indigo@0.4.3+6a2618f53a, com_electronwill_night-config_toml@3.6.2, fabric-item-api-v1@1.2.0+6a2618f53a, libgui@3.1.0+1.16.3, cardinal-components@2.6.0, fabric-rendering-v0@1.1.1+6a2618f53a, fabric-rendering-v1@1.4.0+6a2618f53a, terraform-overworld-biome-extensions-api-v1@1.0.0+build.1, direbats@1.0.0+1.16.3-fabric, autoconfig1u@3.3.1, fabric-content-registries-v0@0.1.9+6a2618f53a, fabric-tag-extensions-v0@1.0.3+6a2618f53a, cardinal-components-world@2.6.0, fabric-biome-api-v1@3.1.0+2e23b97c3a, advanced_runtime_resource_pack@0.2.9, appleskin@1.0.11, zoob@2.5.0, cinderscapes@1.2.4+build.43-1.16.4, voxelmap@1.10.11, fabric-events-lifecycle-v0@0.2.0+6a2618f53a, libstructure@1.5, betterend@0.6.2-beta, team_reborn_energy@0.1.0, fabric-object-builders-v0@0.7.1+6a2618f53a
[12:18:09] [main/WARN]: Mod `fabric-language-scala` (0.3.2.12) uses more dot-separated version components than SemVer allows; support for this is currently not guaranteed.
[12:18:09] [main/WARN]: Mod `linkart` (unspecified) does not respect SemVer - comparison support is limited.
[12:18:09] [main/WARN]: Mod `traverse` (unspecified) does not respect SemVer - comparison support is limited.
[12:18:09] [main/INFO]: SpongePowered MIXIN Subsystem Version=0.8.2 Source=file:/C:/Users/linli/Desktop/server/fabric-server-launch.jar Service=Knot/Fabric Env=SERVER
[12:18:12] [main/WARN]: @Mixin target net/minecraft/class_3898$class_3208 is public in fabric-networking-v[12:18:12] [main/WARN]: Force-disabling mixin 'world.player_chunk_t[12:18:12] [main/WARN]: Error loading class: net/minecraft/class_638 (java.lang.ClassNotFoundException: net/minecraft/class_638)
[1[12:18:12] [main/INFO]: I used the json to destroy the json
[12:18:17] [main/ERROR]: Entity flamingo_ooo:flamingo has no attributes
[12:18:17] [main/INFO]: Initialized entrypoint KubeJSOtherEventHandler.
[12:18:17] [main/INFO]: Initialized entrypoint KubeJSWorldEventHandler.
[12:18:17] [main/INFO]: Initialized entrypoint KubeJSPlayerEventHandler.
[12:18:17] [main/INFO]: Initialized entrypoint KubeJSEntityEventHandler.
[12:18:17] [main/INFO]: Initialized entrypoint KubeJSBlockEventHandler.
[12:18:17] [main/INFO]: Initialized entrypoint KubeJSItemEventHandler.
[12:18:17] [main/INFO]: Initialized entrypoint KubeJSRecipeEventHandler.
[12:18:18] [main/INFO]: Initialized entrypoint KubeJSFluidEventHandler.
[12:18:18] [main/INFO]: Initialized entrypoint AstromineRecipeEventHandler.
[12:18:18] [main/INFO]: Initialized entrypoint TechRebornRecipeEventHandler.
[12:18:18] [main/INFO]: Initialized entrypoint MIRecipeEventHandler.
[12:18:18] [main/INFO]: Loaded common.properties
[12:18:27] [main/INFO]: Loaded babel.min.js in 9.316 s
[12:18:29] [main/INFO]: [STDOUT]: Babel Transformer done in 2.097 s
[12:18:30] [main/INFO]: Hello, World! (You[12:18:31] [main/WARN]: @ModifyConstant conflict. Skipping imm_ptl_peripheral_fabric.mixins.json:block_manipulation.MixinServerPlayNetworkHandler_B->@ModifyConstant::modifyPlacingBlockRangeSquared(D)D with priority 900, already redirected by mixins.reach-entity-attributes.json:ServerPlayNetworkHandlerMixin->@ModifyConstant::modifyReachDistance(D)D with priority 1000
[12:18:39] [main/WARN]: Method overwrite conflict for method_8132 in betternether.mixins.common.json:RecipeManagerMixin, previously written by ru.betterend.mixin.common.RecipeManagerMixin. Skipping method.
[12:18:44] [Server thread/WARN]: @ModifyConstant conflict. Skipping imm_ptl_peripheral_fabric.mixins.json:block_manipulation.MixinServerPlayerInteractionManager->@ModifyConstant::modifyBreakBlockRangeSquare(D)D with priority 900, already redirected by mixins.reach-entity-attributes.json:ServerPlayerInteractionManagerMixin->@ModifyConstant::modifyReachDistance(D)D with priority 1000
ARN]: Replaced the attribute alexiil.mc.lib.attributes.fluid.GroupedFluidInvView value for minecraft:glass_bottle with alexiil.mc.lib.attributes.fluid.FluidContainerRegistry$StateEmpty$$Lambda$2598/83184269@37bbb6f0 (was alexiil.mc.lib.attributes.fluid.FluidContainerRegistry$StateEmpty$$Lambda$2598/83184269@7e15a77f)
[12:18:31] [main/WARN]: Replaced the attribute alexiil.mc.lib.attributes.fluid.GroupedFluidInv value for minecraft:glass_bottle with alexiil.mc.lib.attributes.fluid.FluidContainerRegistry$StateEmpty$$Lambda$2598/83184269@31be3aaa (was alexiil.mc.lib.attributes.fluid.FluidContainerRegistry$StateEmpty$$Lambda$2598/83184269@6d204ed4)
[12:18:31] [main/WARN]: Replaced the attribute alexiil.mc.lib.attributes.fluid.FluidInsertable value for minecraft:glass_bottle with alexiil.mc.lib.attributes.fluid.FluidContainerRegistry$StateEmpty$$Lambda$2598/83184269@74679b6 (was alexiil.mc.lib.attributes.fluid.FluidContainerRegistry$StateEmpty$$Lambda$2598/83184269@543b087e)
[12:18:31] [main/WARN]: Replaced the attribute alexiil.mc.lib.attributes.fluid.FluidExtractable value for minecraft:glass_bottle with alexiil.mc.lib.attributes.fluid.FluidContainerRegistry$StateEmpty$$Lambda$2598/83184269@14900339 (was alexiil.mc.lib.attributes.fluid.FluidContainerRegistry$StateEmpty$$Lambda$2598/83184269@7ba9a991)
[12:18:35] [main/INFO]: Reborn core is done for now, now to let other mods have their turn...
[12:18:35] [main/ERROR]: No data fixer registered for milk_cauldron
[12:18:35] [main/ERROR]: No data fixer registered for kettle
[12:18:36] [main/INFO]: Loaded torus size map in 91ms
[12:18:36] [main/INFO]: TechReborn setup done!
[12:18:36] [main/INFO]: Immersive Portals Mod Initializing
[12:18:36] [main/INFO]: Reach entity attributes mod is present
[12:18:36] [main/INFO]: Pehkui is not present
[12:18:36] [main/INFO]: Loaded plugins: whereisit, whereisit
[12:18:37] [main/ERROR]: No data fixer registered for coral_squid
[12:18:37] [main/ERROR]: No data fixer registered for endermite_powder
[12:18:37] [main/ERROR]: No data fixer registered for glowball
[12:18:38] [main/INFO]: Modern Industrialization setup done!
[12:18:38] [main/INFO]: [STDOUT]: Traverse biomes registered!
[12:18:38] [main/INFO]: [STDOUT]: Terrestria biomes registered!
[12:18:38] [main/INFO]: [STDOUT]: InvTrashSlot 1.0.1 by Camas
[12:18:38] [main/INFO]: [Direbats] Initializing
[12:18:38] [main/INFO]: [Direbats] Initialized
[12:18:38] [main/INFO]: initializing dedicated server
[12:18:39] [main/INFO]: Environment: authHost='https://authserver.mojang.com', accountsHost='https://api.mojang.com', sessionHost='https://sessionserver.mojang.com', servicesHost='https://api.minecraftservices.com', name='PROD'
[12:18:39] [main/WARN]: Ambiguity between arguments [teleport, destination] and [teleport, targets] with inputs: [Player, 0123, @e, dd12be42-52a9-4a91-a8a1-11c01849e498]
[12:18:39] [main/WARN]: Ambiguity between arguments [teleport, location] and [teleport, destination] with inputs: [0.1 -0.5 .9, 0 0 0]
[12:18:39] [main/WARN]: Ambiguity between arguments [teleport, location] and [teleport, targets] with inputs: [0.1 -0.5 .9, 0 0 0]
[12:18:39] [main/WARN]: Ambiguity between arguments [teleport, targets] and [teleport, destination] with inputs: [Player, 0123, dd12be42-52a9-4a91-a8a1-11c01849e498]
[12:18:39] [main/WARN]: Ambiguity between arguments [teleport, targets, location] and [teleport, targets, destination] with inputs: [0.1 -0.5 .9, 0 0 0]
[12:18:39] [main/INFO]: Reloading ResourceManager: KubeJS Virtual Data Pack [First: false], Default, Adorn, Better End, Better Nether, Blockshifter, Campanion, Common Expansion: Foodstuffs, Charm, Cinderscapes, Dehydration, Direbats, Dungeons Mod Lite, EnvironmentZ, Fabric Tool Attribute API (v1), Flamingo, oh, oh, oh..., Hookshot, Kibe, KubeJS, LibCapableData, Linkart, Modern Industrialization, Rare Ice, Fabric Seasons, Tech Reborn, Terrestria, Traverse, Monster Of The Ocean Depths, KubeJS Resource Pack, KubeJS Virtual Data Pack [First: true]
[12:18:39] [main/INFO]: ARRP register
[12:18:39] [main/INFO]: [STDOUT]: Babel Transformer done in 399.1 ms
[12:18:39] [main/INFO]: server_scripts:script.js:3: Hello, World! (You will see this line every time server resources reload)
[12:18:39] [main/INFO]: Loaded script server_scripts:script.js in 6.285 ms
[12:18:39] [main/INFO]: modpack:kubejs/modern_industrialization_compat.js:3: Hello, World! (You will see this line every time server resources reload)
[12:18:39] [main/INFO]: Loaded script modpack:kubejs/modern_industrialization_compat.js in 4.990 ms
[12:18:39] [main/INFO]: Loaded script modpack:kubejs/modern_industrialization_recipes.js in 2.684 ms
[12:18:39] [main/INFO]: Loaded 3/3 KubeJS server scripts in 18.87 ms
[12:18:39] [main/INFO]: Scripts loaded
[12:18:39] [main/INFO]: Scanning recipes...
[12:18:40] [Worker-Main-10/INFO]: Loaded 17 features
[12:18:41] [Worker-Main-13/INFO]: [blocks] Found 192 tags, added 0, removed 0
[12:18:41] [Worker-Main-13/INFO]: [items] Found 482 tags, added 0, removed 0
[12:18:41] [Worker-Main-13/INFO]: [fluids] Found 2 tags, added 0, removed 0
[12:18:41] [Worker-Main-13/INFO]: [entity_types] Found 5 tags, added 0, removed 0
[12:18:41] [Worker-Main-10/INFO]: Failed to parse recipe for 'techreborn:centrifuge/helium_cell'! Falling back to vanilla!: net.minecraft.class_151: Non [a-z0-9_.-] character in namespace of location: {"fluid":"techreborn:helium","holder":"techreborn:cell","count":16}
[12:18:41] [Worker-Main-12/INFO]: Failed to parse recipe for 'techreborn:chemical_reactor/nitrofuel'! Falling back to vanilla!: net.minecraft.class_151: Non [a-z0-9_.-] character in namespace of location: {"fluid":"techreborn:oil","holder":"techreborn:cell"}
[12:18:41] [Worker-Main-10/INFO]: Failed to parse recipe for 'techreborn:vacuum_freezer/helium'! Falling back to vanilla!: net.minecraft.class_151: Non [a-z0-9_.-] character in namespace of location: {"fluid":"techreborn:heliumplasma","holder":"techreborn:cell"}
[12:18:41] [Worker-Main-13/INFO]: Failed to parse recipe for 'techreborn:chemical_reactor/glyceryl'! Falling back to vanilla!: net.minecraft.class_151: Non [a-z0-9_.-] character in namespace of location: {"fluid":"techreborn:nitro_carbon","holder":"techreborn:cell"}
[12:18:41] [Worker-Main-12/INFO]: Failed to parse recipe for 'techreborn:chemical_reactor/calcium_carbonate'! Falling back to vanilla!: net.minecraft.class_151: Non [a-z0-9_.-] character in namespace of location: {"fluid":"techreborn:carbon","holder":"techreborn:cell"}
[12:18:41] [Worker-Main-9/INFO]: Failed to parse recipe for 'techreborn:chemical_reactor/sodium_persulfate'! Falling back to vanilla!: net.minecraft.class_151: Non [a-z0-9_.-] character in namespace of location: {"fluid":"techreborn:sodium_sulfide","holder":"techreborn:cell"}
[12:18:41] [Worker-Main-11/INFO]: Failed to parse recipe for 'techreborn:chemical_reactor/sulfuric_acid'! Falling back to vanilla!: net.minecraft.class_151: Non [a-z0-9_.-] character in namespace of location: {"fluid":"techreborn:sulfur","holder":"techreborn:cell"}
[12:18:41] [Worker-Main-8/INFO]: Failed to parse recipe for 'techreborn:centrifuge/lava_cell'! Falling back to vanilla!: net.minecraft.class_151: Non [a-z0-9_.-] character in namespace of location: {"fluid":"minecraft:lava","holder":"techreborn:cell","count":16}
[12:18:41] [Worker-Main-13/INFO]: Failed to parse recipe for 'techreborn:industrial_electrolyzer/methane'! Falling back to vanilla!: net.minecraft.class_151: Non [a-z0-9_.-] character in namespace of location: {"count":5,"fluid":"techreborn:methane","holder":"techreborn:cell"}
[12:18:41] [Worker-Main-12/INFO]: Failed to parse recipe for 'techreborn:chemical_reactor/nitro_diesel'! Falling back to vanilla!: net.minecraft.class_151: Non [a-z0-9_.-] character in namespace of location: {"fluid":"techreborn:glyceryl","holder":"techreborn:cell"}
[12:18:41] [Worker-Main-11/INFO]: Failed to parse recipe for 'techreborn:chemical_reactor/sodium_sulfide'! Falling back to vanilla!: net.minecraft.class_151: Non [a-z0-9_.-] character in namespace of location: {"fluid":"techreborn:sulfur","holder":"techreborn:cell"}
[12:18:41] [Worker-Main-14/INFO]: Failed to parse recipe for 'techreborn:centrifuge/hydrogen_cell'! Falling back to vanilla!: net.minecraft.class_151: Non [a-z0-9_.-] character in namespace of location: {"fluid":"techreborn:hydrogen","holder":"techreborn:cell","count":4}
[12:18:41] [Worker-Main-10/INFO]: Failed to parse recipe for 'techreborn:distillation_tower/diesel'! Falling back to vanilla!: net.minecraft.class_151: Non [a-z0-9_.-] character in namespace of location: {"fluid":"techreborn:oil","holder":"techreborn:cell","count":16}
[12:18:41] [Worker-Main-11/INFO]: Failed to parse recipe for 'techreborn:chemical_reactor/methane'! Falling back to vanilla!: net.minecraft.class_151: Non [a-z0-9_.-] character in namespace of location: {"fluid":"techreborn:carbon","holder":"techreborn:cell"}
[12:18:41] [Worker-Main-9/INFO]: Failed to parse recipe for 'techreborn:centrifuge/sulfur_cell'! Falling back to vanilla!: net.minecraft.class_151: Non [a-z0-9_.-] character in namespace of location: {"fluid":"techreborn:sulfur","holder":"techreborn:cell"}
[12:18:41] [Worker-Main-8/INFO]: Failed to parse recipe for 'techreborn:chemical_reactor/nitro_carbon'! Falling back to vanilla!: net.minecraft.class_151: Non [a-z0-9_.-] character in namespace of location: {"fluid":"techreborn:carbon","holder":"techreborn:cell"}
[12:18:41] [Worker-Main-10/INFO]: Failed to parse recipe for 'techreborn:chemical_reactor/water'! Falling back to vanilla!: net.minecraft.class_151: Non [a-z0-9_.-] character in namespace of location: {"fluid":"techreborn:compressed_air","holder":"techreborn:cell"}
[12:18:41] [Worker-Main-13/INFO]: Failed to parse recipe for 'techreborn:centrifuge/calciumcarbonate_cell'! Falling back to vanilla!: net.minecraft.class_151: Non [a-z0-9_.-] character in namespace of location: {"fluid":"techreborn:calcium_carbonate","holder":"techreborn:cell"}
[12:18:41] [Worker-Main-9/INFO]: Failed to parse recipe for 'techreborn:chemical_reactor/nitrocoal_fuel'! Falling back to vanilla!: net.minecraft.class_151: Non [a-z0-9_.-] character in namespace of location: {"fluid":"techreborn:glyceryl","holder":"techreborn:cell"}
[12:18:41] [Worker-Main-11/INFO]: Failed to parse recipe for 'techreborn:centrifuge/deuterium_cell'! Falling back to vanilla!: net.minecraft.class_151: Non [a-z0-9_.-] character in namespace of location: {"fluid":"techreborn:deuterium","holder":"techreborn:cell","count":4}
[12:18:41] [Worker-Main-9/INFO]: Failed to parse recipe for 'techreborn:chemical_reactor/nitrogen_dioxide'! Falling back to vanilla!: net.minecraft.class_151: Non [a-z0-9_.-] character in namespace of location: {"fluid":"techreborn:compressed_air","holder":"techreborn:cell"}
[12:18:41] [Worker-Main-13/INFO]: Found 4756 recipes and 21 failed recipes in 150.4 ms.
[12:18:41] [Worker-Main-13/INFO]: Posted recipe events in 98.04 ms.
[12:18:41] [Worker-Main-8/WARN]: Error parsing recipe hookshot:mod_quick[hookshot:smithing]: {"type":"hookshot:smithing","base":{"item":"hookshot:hookshot"},"addition":{"item":"minecraft:blaze_rod"},"result":{"item":"hookshot:hookshot","count":1}}: com.google.gson.JsonSyntaxException: Missing nbt, expected to find a string
[12:18:41] [Worker-Main-8/WARN]: Error parsing recipe hookshot:mod_auto[hookshot:smithing]: {"type":"hookshot:smithing","base":{"item":"hookshot:hookshot"},"addition":{"item":"minecraft:observer"},"result":{"item":"hookshot:hookshot","count":1}}: com.google.gson.JsonSyntaxException: Missing nbt, expected to find a string
[12:18:41] [Worker-Main-12/WARN]: Error parsing recipe modern_industrialization:materials/forge_hammer/lignite_coal[modern_industrialization:forge_hammer_hammer]: {"type":"modern_industrialization:forge_hammer_hammer","eu":2,"duration":200,"item_inputs":{"ingredient":[{"item":"modern_industrialization:lignite_coal_dust"},{"item":"modern_industrialization:lignite_coal_crushed_dust"}]},"item_outputs":{"item":"modern_industrialization:lignite_coal","amount":1}}: java.lang.IllegalStateException: Not a JSON Object: [{"item":"modern_industrialization:lignite_coal_dust"},{"item":"modern_industrialization:lignite_coal_crushed_dust"}]
[12:18:41] [Worker-Main-9/WARN]: Error parsing recipe hookshot:mod_ender[hookshot:smithing]: {"type":"hookshot:smithing","base":{"item":"hookshot:hookshot"},"addition":{"item":"minecraft:ender_eye"},"result":{"item":"hookshot:hookshot","count":1}}: com.google.gson.JsonSyntaxException: Missing nbt, expected to find a string
[12:18:41] [Worker-Main-13/WARN]: Error parsing recipe hookshot:mod_range[hookshot:smithing]: {"type":"hookshot:smithing","base":{"item":"hookshot:hookshot"},"addition":{"item":"minecraft:chain"},"result":{"item":"hookshot:hookshot","count":1}}: com.google.gson.JsonSyntaxException: Missing nbt, expected to find a string
[12:18:41] [Worker-Main-8/WARN]: Error parsing recipe hookshot:mod_aqua[hookshot:smithing]: {"type":"hookshot:smithing","base":{"item":"hookshot:hookshot"},"addition":{"item":"minecraft:prismarine_shard"},"result":{"item":"hookshot:hookshot","count":1}}: com.google.gson.JsonSyntaxException: Missing nbt, expected to find a string
[12:18:41] [Worker-Main-12/WARN]: Error parsing recipe modern_industrialization:materials/compressor/lignite_coal_dust[modern_industrialization:compressor]: {"type":"modern_industrialization:compressor","eu":2,"duration":200,"item_inputs":{"ingredient":[{"item":"modern_industrialization:lignite_coal_dust"},{"item":"modern_industrialization:lignite_coal_crushed_dust"}]},"item_outputs":{"item":"modern_industrialization:lignite_coal","amount":1}}: java.lang.IllegalStateException: Not a JSON Object: [{"item":"modern_industrialization:lignite_coal_dust"},{"item":"modern_industrialization:lignite_coal_crushed_dust"}]
[12:18:41] [Worker-Main-13/INFO]: Modified & removed recipes in 51.52 ms.
[12:18:41] [Worker-Main-13/INFO]: Added recipes in 4.729 ms.
[12:18:41] [Worker-Main-13/INFO]: Added 388 recipes, removed 0 recipes, modified 4756 recipes, with 7 failed recipes and 21 fall-backed recipes.
[12:18:42] [Worker-Main-13/INFO]: [functions] Found 0 tags, added 0, removed 0
[12:18:42] [Worker-Main-13/INFO]: Loaded 1609 advancements
[12:18:43] [main/INFO]: Applied 171 biome modifications to 171 of 171 new biomes in 42.57 ms
[12:18:43] [main/INFO]: [fabric-registry-sync] Loaded registry data [file 1/4]
[12:18:44] [main/INFO]: IP Config Applied
[12:18:44] [Server thread/INFO]: Starting minecraft server version 1.16.4
[12:18:44] [Server thread/INFO]: Loading properties
[12:18:44] [Server thread/INFO]: Default game type: SURVIVAL
[12:18:44] [Server thread/INFO]: Generating keypair
[12:18:44] [Server thread/INFO]: Starting Minecraft server on *:25565
[12:18:44] [Server thread/INFO]: Using default channel type
[12:18:44] [Server thread/INFO]: Preparing level "world"
[12:18:47] [Server thread/INFO]: Successfully read IP's dimension id record
[12:18:47] [Server thread/INFO]: Start Completing Dimension Id Record
[12:18:47] [Server thread/INFO]: Before:
minecraft:overworld -> 0
immersive_portals:alternate1 -> 2
immersive_portals:alternate2 -> 3
minecraft:the_nether -> -1
immersive_portals:alternate3 -> 4
immersive_portals:alternate4 -> 5
minecraft:the_end -> 1
immersive_portals:alternate5 -> 6
[12:18:47] [Server thread/INFO]: Server Loaded Dimensions:
immersive_portals:alternate1
immersive_portals:alternate2
immersive_portals:alternate3
immersive_portals:alternate4
immersive_portals:alternate5
minecraft:overworld
minecraft:the_end
minecraft:the_nether

[12:18:47] [Server thread/INFO]: After:
minecraft:overworld -> 0
immersive_portals:alternate1 -> 2
immersive_portals:alternate2 -> 3
minecraft:the_nether -> -1
immersive_portals:alternate3 -> 4
immersive_portals:alternate4 -> 5
minecraft:the_end -> 1
immersive_portals:alternate5 -> 6
[12:18:47] [Server thread/INFO]: Dimension Id Info Saved to File
[12:18:47] [Server thread/INFO]: Preparing start region for dimension minecraft:overworld
[12:18:48] [Server thread/INFO]: Preparing spawn area: 0%
[12:18:48] [Server thread/INFO]: Preparing spawn area: 0%
[12:18:49] [Server thread/INFO]: Time elapsed: 1073 ms
[12:18:49] [Server thread/INFO]: Loading custom portal gen
[12:18:49] [Server thread/INFO]: Done (4.299s)! For help, type "help"
[12:18:51] [Worker-Main-14/INFO]: CREATING AND INIT'ING CARVER W DIMENSION minecraft:overworld...
[12:18:51] [Worker-Main-14/INFO]: Better Caves config file for dimension minecraft:overworld not found. Using global config...
[12:18:51] [Worker-Main-14/INFO]: Using block 'Block{minecraft:lava}[level=0]' as lava in cave generation for dimension minecraft:overworld
[12:18:51] [Worker-Main-14/INFO]: Using block 'Block{minecraft:water}[level=0]' as water in cave generation for dimension minecraft:overworld
[12:19:45] [Server thread/INFO]: com.mojang.authlib.GameProfile@63117099[id=<null>,name=chychino,properties={},legacy=false] (/127.0.0.1:64504) lost connection: Disconnected
[12:19:49] [Server thread/INFO]: com.mojang.authlib.GameProfile@867e098[id=<null>,name=chychino,properties={},legacy=false] (/127.0.0.1:64515) lost connection: Disconnected
[12:20:01] [Server thread/INFO]: com.mojang.authlib.GameProfile@4d72bf8[id=<null>,name=chychino,properties={},legacy=false] (/127.0.0.1:64531) lost connection: Disconnected
[12:21:01] [User Authenticator #1/INFO]: UUID of player chychino is e8144c13-de94-4181-8b66-2314f7b589e9
[12:21:02] [Server thread/INFO]: chychino[/127.0.0.1:64667] logged in with entity id 3028 at (143.87368374257562, 66.0, 50.04810630088773)
[12:21:02] [Server thread/INFO]: chychino joined the game
[12:21:40] [Server thread/INFO]: [chychino: Teleported chychino to 211.5, 66.0, 90.5]
[12:22:16] [Server thread/INFO]: [chychino: Set the time to 1000]
[12:22:50] [Server thread/INFO]: [chychino: Gave 1 [Torch] to chychino]
[12:23:01] [Server thread/INFO]: [chychino: Set own game mode to Creative Mode]
[12:23:10] [Server thread/INFO]: [chychino: Set the time to 13000]
[12:25:35] [Server thread/INFO]: [chychino: Teleported chychino to 387.5, 98.0, -166.5]
[12:25:35] [Server thread/WARN]: chychino moved too quickly! 167.3573619449392,31.0,-285.3186603408004
[12:30:48] [Server thread/INFO]: chychino lost connection: Disconnected
[12:30:48] [Server thread/INFO]: chychino left the game
